1: package io;
2: 
3: import java.io.BufferedReader;
4: import java.io.FileReader;
5: import java.io.IOException;
6: 
7: public class BufferedInputFile {
8:     public static String read(String filename) throws IOException {
9:         BufferedReader in = new BufferedReader(new FileReader(filename));
10:         String s;
11:         StringBuilder sb = new StringBuilder();
12:         while ((s = in.readLine()) != null) {
13:             sb.append(s + "\n");
14:         }
15:         in.close();
16:         return sb.toString();
17:     }
18: 
19:     public static void main(String[] args) throws IOException {
20:         System.out.print(read("D:\\idea_workspace\\smc-multi-project\\joy-thinking-in-java-4th\\src\\main\\java\\io\\BufferedInputFile.java"));
21:     }
22: }
